Fetching registry information from https://github.com/Microsoft/vcpkg (HEAD)...
Fetching registry information from https://github.com/Ecos-platform/vcpkg-registry (HEAD)...
Detecting compiler hash for triplet x64-windows...
The following packages will be built and installed:
    catch2[core]:x64-windows -> 3.3.0 -- C:\Users\EmilB\AppData\Local\vcpkg\registries\git-trees\cfb2a80de586b148c9dd6956bf6aca7501d411db
  * egl-registry[core]:x64-windows -> 2022-09-20 -- C:\Users\EmilB\AppData\Local\vcpkg\registries\git-trees\e596b6c29ad16da764aab6f2fef830a3a884f14b
  * glad[core,loader]:x64-windows -> 0.1.36 -- C:\Users\EmilB\AppData\Local\vcpkg\registries\git-trees\fa93b14c1581057e1d14650f5f15c9b0757dd548
  * glfw3[core]:x64-windows -> 3.3.8#2 -- C:\Users\EmilB\AppData\Local\vcpkg\registries\git-trees\308cd3ebdf6752e9d5eeb2933f33972c784aa8bd
  * opengl-registry[core]:x64-windows -> 2022-09-29 -- C:\Users\EmilB\AppData\Local\vcpkg\registries\git-trees\3456b7358048ad983b423973eca86e19d7939bd4
  * stb[core]:x64-windows -> 2022-09-09 -- C:\Users\EmilB\AppData\Local\vcpkg\registries\git-trees\259df7e67a205697472aa4a3ff0326ac6fa60aa2
    threepp[core]:x64-windows -> 2023-03-23 -- C:\Users\EmilB\AppData\Local\vcpkg\registries\git-trees\4024197414603730b52495060a3144ebf2fcf640
  * vcpkg-cmake[core]:x64-windows -> 2022-12-22 -- C:\Users\EmilB\AppData\Local\vcpkg\registries\git-trees\1913f86defd2140d0a6751be2d51952e4090efa4
  * vcpkg-cmake-config[core]:x64-windows -> 2022-02-06#1 -- C:\Users\EmilB\AppData\Local\vcpkg\registries\git-trees\8d54cc4f487d51b655abec5f9c9c3f86ca83311f
Additional packages (*) will be modified to complete this operation.
Restored 9 package(s) from C:\Users\EmilB\AppData\Local\vcpkg\archives in 1.036 s. Use --debug to see more details.
Installing 1/9 vcpkg-cmake-config:x64-windows...
Elapsed time to handle vcpkg-cmake-config:x64-windows: 11.17 ms
Installing 2/9 vcpkg-cmake:x64-windows...
Elapsed time to handle vcpkg-cmake:x64-windows: 14.78 ms
Installing 3/9 catch2:x64-windows...
Elapsed time to handle catch2:x64-windows: 158.3 ms
Installing 4/9 stb:x64-windows...
Elapsed time to handle stb:x64-windows: 28.84 ms
Installing 5/9 glfw3:x64-windows...
Elapsed time to handle glfw3:x64-windows: 23.53 ms
Installing 6/9 egl-registry:x64-windows...
Elapsed time to handle egl-registry:x64-windows: 14.69 ms
Installing 7/9 opengl-registry:x64-windows...
Elapsed time to handle opengl-registry:x64-windows: 32 ms
Installing 8/9 glad:x64-windows...
Elapsed time to handle glad:x64-windows: 19.04 ms
Installing 9/9 threepp:x64-windows...
Elapsed time to handle threepp:x64-windows: 276.9 ms
Total install time: 1.616 s
catch2 provides CMake targets:

    # this is heuristically generated, and may not be correct
    find_package(Catch2 CONFIG REQUIRED)
    target_link_libraries(main PRIVATE Catch2::Catch2 Catch2::Catch2WithMain)

threepp provides CMake targets:

    # this is heuristically generated, and may not be correct
    find_package(threepp CONFIG REQUIRED)
    target_link_libraries(main PRIVATE glfw::glfw threepp::threepp)

