Fetching registry information from https://github.com/Microsoft/vcpkg (HEAD)...
Fetching registry information from https://github.com/Ecos-platform/vcpkg-registry (HEAD)...
Detecting compiler hash for triplet x64-windows...
The following packages will be built and installed:
  * egl-registry[core]:x64-windows -> 2022-09-20 -- C:\Users\EmilB\AppData\Local\vcpkg\registries\git-trees\e596b6c29ad16da764aab6f2fef830a3a884f14b
  * glad[core,loader]:x64-windows -> 0.1.36 -- C:\Users\EmilB\AppData\Local\vcpkg\registries\git-trees\fa93b14c1581057e1d14650f5f15c9b0757dd548
  * glfw3[core]:x64-windows -> 3.3.8#2 -- C:\Users\EmilB\AppData\Local\vcpkg\registries\git-trees\308cd3ebdf6752e9d5eeb2933f33972c784aa8bd
    imgui[core,glfw-binding,opengl3-binding]:x64-windows -> 1.89.2 -- C:\Users\EmilB\AppData\Local\vcpkg\registries\git-trees\b1a7fdb074aed731c5c8ef09b369547e6371ac03
  * opengl-registry[core]:x64-windows -> 2022-09-29 -- C:\Users\EmilB\AppData\Local\vcpkg\registries\git-trees\3456b7358048ad983b423973eca86e19d7939bd4
  * stb[core]:x64-windows -> 2022-09-09 -- C:\Users\EmilB\AppData\Local\vcpkg\registries\git-trees\259df7e67a205697472aa4a3ff0326ac6fa60aa2
    threepp[core]:x64-windows -> 2023-02-21 -- C:\Users\EmilB\AppData\Local\vcpkg\registries\git-trees\24ae23d317d2e247d592f27fffcedb460a54b05a
  * vcpkg-cmake[core]:x64-windows -> 2022-12-22 -- C:\Users\EmilB\AppData\Local\vcpkg\registries\git-trees\1913f86defd2140d0a6751be2d51952e4090efa4
  * vcpkg-cmake-config[core]:x64-windows -> 2022-02-06#1 -- C:\Users\EmilB\AppData\Local\vcpkg\registries\git-trees\8d54cc4f487d51b655abec5f9c9c3f86ca83311f
Additional packages (*) will be modified to complete this operation.
Restored 7 package(s) from C:\Users\EmilB\AppData\Local\vcpkg\archives in 211.9 ms. Use --debug to see more details.
Installing 1/9 vcpkg-cmake-config:x64-windows...
Elapsed time to handle vcpkg-cmake-config:x64-windows: 5.845 ms
Installing 2/9 vcpkg-cmake:x64-windows...
Elapsed time to handle vcpkg-cmake:x64-windows: 44.28 ms
Installing 3/9 glfw3:x64-windows...
Elapsed time to handle glfw3:x64-windows: 37.74 ms
Installing 4/9 imgui:x64-windows...
Elapsed time to handle imgui:x64-windows: 43.63 ms
Installing 5/9 stb:x64-windows...
Elapsed time to handle stb:x64-windows: 48.08 ms
Installing 6/9 egl-registry:x64-windows...
Elapsed time to handle egl-registry:x64-windows: 20.04 ms
Installing 7/9 opengl-registry:x64-windows...
Elapsed time to handle opengl-registry:x64-windows: 72.27 ms
Installing 8/9 glad:x64-windows...
Building glad[core,loader]:x64-windows...
-- Installing port from location: C:\Users\EmilB\AppData\Local\vcpkg\registries\git-trees\fa93b14c1581057e1d14650f5f15c9b0757dd548
-- Note: glad only supports static library linkage. Building static library.
-- Using cached Dav1dde-glad-1ecd45775d96f35170458e6b148eb0708967e402.tar.gz.
-- Cleaning sources at C:/Kode/vcpkg/buildtrees/glad/src/708967e402-274d415499.clean. Use --editable to skip cleaning for the packages you specify.
-- Extracting source C:/Kode/vcpkg/downloads/Dav1dde-glad-1ecd45775d96f35170458e6b148eb0708967e402.tar.gz
-- Applying patch encoding.patch
-- Applying patch find_python.patch
-- Using source at C:/Kode/vcpkg/buildtrees/glad/src/708967e402-274d415499.clean
-- This version of glad uses the compatibility profile. To use the core profile instead, create an overlay port of this with GLAD_PROFILE set to 'core' or set GLAD_PROFILE to 'core' in a custom triplet.
-- This recipe is at C:/Users/EmilB/AppData/Local/vcpkg/registries/git-trees/fa93b14c1581057e1d14650f5f15c9b0757dd548
-- See the overlay ports documentation at https://github.com/microsoft/vcpkg/blob/master/docs/specifications/ports-overlay.md
-- Found external ninja('1.11.0').
-- Configuring x64-windows
-- Building x64-windows-dbg
-- Building x64-windows-rel
-- Installing: C:/Kode/vcpkg/packages/glad_x64-windows/share/glad/copyright
-- Performing post-build validation
Stored binary cache: "C:\Users\EmilB\AppData\Local\vcpkg\archives\29\299499409049b6b3a966716dfea89f7b74789420fed691495e48d399b603035f.zip"
Elapsed time to handle glad:x64-windows: 4.234 s
Installing 9/9 threepp:x64-windows...
Building threepp[core]:x64-windows...
-- Installing port from location: C:\Users\EmilB\AppData\Local\vcpkg\registries\git-trees\24ae23d317d2e247d592f27fffcedb460a54b05a
-- Downloading https://github.com/markaren/threepp/archive/1e215030b201d3d2108c3efcd5bcaa02562a0a96.tar.gz -> markaren-threepp-1e215030b201d3d2108c3efcd5bcaa02562a0a96.tar.gz...
-- Extracting source C:/Kode/vcpkg/downloads/markaren-threepp-1e215030b201d3d2108c3efcd5bcaa02562a0a96.tar.gz
-- Using source at C:/Kode/vcpkg/buildtrees/threepp/src/02562a0a96-03cb73c16f.clean
-- Downloading https://github.com/vallentin/glText/archive/8200fa70e32acec0a3cd777d404f41ee0c203ca4.tar.gz -> vallentin-glText-8200fa70e32acec0a3cd777d404f41ee0c203ca4.tar.gz...
-- Extracting source C:/Kode/vcpkg/downloads/vallentin-glText-8200fa70e32acec0a3cd777d404f41ee0c203ca4.tar.gz
-- Using source at C:/Kode/vcpkg/buildtrees/threepp/src/ee0c203ca4-4c0a13da5e.clean
-- Found external ninja('1.11.0').
-- Configuring x64-windows
-- Building x64-windows-dbg
-- Building x64-windows-rel
-- Installing: C:/Kode/vcpkg/packages/threepp_x64-windows/share/threepp/copyright
-- Performing post-build validation
Stored binary cache: "C:\Users\EmilB\AppData\Local\vcpkg\archives\ec\ecd848c84fd2afde2b0001a6211b01c0c047afea29bb3260e2c13b16ef634519.zip"
Elapsed time to handle threepp:x64-windows: 57.51 s
Total install time: 1.037 min
imgui provides CMake targets:

    # this is heuristically generated, and may not be correct
    find_package(imgui CONFIG REQUIRED)
    target_link_libraries(main PRIVATE imgui::imgui)

threepp provides CMake targets:

    # this is heuristically generated, and may not be correct
    find_package(threepp CONFIG REQUIRED)
    target_link_libraries(main PRIVATE glfw::glfw threepp::threepp)

